<?xml version="1.0" encoding="UTF-8"?>
<testng-results skipped="0" failed="1" ignored="0" total="1" passed="0">
  <reporter-output>
  </reporter-output>
  <suite name="Default suite" duration-ms="11376" started-at="2019-12-01T11:51:51Z" finished-at="2019-12-01T11:52:03Z">
    <groups>
      <group name="Sanity,Regression">
        <method signature="HomePageTests.firstStep()[pri:3, instance:tests.HomePageTests@4b9e13df]" name="firstStep" class="tests.HomePageTests"/>
      </group> <!-- Sanity,Regression -->
    </groups>
    <test name="Default test" duration-ms="11376" started-at="2019-12-01T11:51:51Z" finished-at="2019-12-01T11:52:03Z">
      <class name="tests.HomePageTests">
        <test-method status="PASS" signature="beforeMethod()[pri:0, instance:tests.HomePageTests@4b9e13df]" name="beforeMethod" is-config="true" duration-ms="9750" started-at="2019-12-01T11:51:51Z" finished-at="2019-12-01T11:52:01Z">
          <reporter-output>
          </reporter-output>
        </test-method> <!-- beforeMethod -->
        <test-method status="FAIL" signature="firstStep()[pri:3, instance:tests.HomePageTests@4b9e13df]" name="firstStep" duration-ms="354" started-at="2019-12-01T11:52:01Z" finished-at="2019-12-01T11:52:02Z">
          <exception class="java.lang.AssertionError">
            <message>
              <![CDATA[expected [ASsaf] but found [Assaf]]]>
            </message>
            <full-stacktrace>
              <![CDATA[java.lang.AssertionError: expected [ASsaf] but found [Assaf]
at org.testng.Assert.fail(Assert.java:96)
at org.testng.Assert.failNotEquals(Assert.java:776)
at org.testng.Assert.assertEqualsImpl(Assert.java:137)
at org.testng.Assert.assertEquals(Assert.java:118)
at org.testng.Assert.assertEquals(Assert.java:453)
at org.testng.Assert.assertEquals(Assert.java:463)
at tests.HomePageTests.firstStep(HomePageTests.java:29)
at sun.reflect.NativeMethodAccessorImpl.invoke0(Native Method)
at sun.reflect.NativeMethodAccessorImpl.invoke(Unknown Source)
at sun.reflect.DelegatingMethodAccessorImpl.invoke(Unknown Source)
at java.lang.reflect.Method.invoke(Unknown Source)
at org.testng.internal.MethodInvocationHelper.invokeMethod(MethodInvocationHelper.java:124)
at org.testng.internal.Invoker.invokeMethod(Invoker.java:583)
at org.testng.internal.Invoker.invokeTestMethod(Invoker.java:719)
at org.testng.internal.Invoker.invokeTestMethods(Invoker.java:989)
at org.testng.internal.TestMethodWorker.invokeTestMethods(TestMethodWorker.java:125)
at org.testng.internal.TestMethodWorker.run(TestMethodWorker.java:109)
at org.testng.TestRunner.privateRun(TestRunner.java:648)
at org.testng.TestRunner.run(TestRunner.java:505)
at org.testng.SuiteRunner.runTest(SuiteRunner.java:455)
at org.testng.SuiteRunner.runSequentially(SuiteRunner.java:450)
at org.testng.SuiteRunner.privateRun(SuiteRunner.java:415)
at org.testng.SuiteRunner.run(SuiteRunner.java:364)
at org.testng.SuiteRunnerWorker.runSuite(SuiteRunnerWorker.java:52)
at org.testng.SuiteRunnerWorker.run(SuiteRunnerWorker.java:84)
at org.testng.TestNG.runSuitesSequentially(TestNG.java:1208)
at org.testng.TestNG.runSuitesLocally(TestNG.java:1137)
at org.testng.TestNG.runSuites(TestNG.java:1049)
at org.testng.TestNG.run(TestNG.java:1017)
at org.testng.remote.AbstractRemoteTestNG.run(AbstractRemoteTestNG.java:132)
at org.testng.remote.RemoteTestNG.initAndRun(RemoteTestNG.java:230)
at org.testng.remote.RemoteTestNG.main(RemoteTestNG.java:76)
]]>
            </full-stacktrace>
          </exception> <!-- java.lang.AssertionError -->
          <reporter-output>
          </reporter-output>
        </test-method> <!-- firstStep -->
        <test-method status="PASS" signature="afterMethod()[pri:0, instance:tests.HomePageTests@4b9e13df]" name="afterMethod" is-config="true" duration-ms="1203" started-at="2019-12-01T11:52:02Z" finished-at="2019-12-01T11:52:03Z">
          <reporter-output>
          </reporter-output>
        </test-method> <!-- afterMethod -->
      </class> <!-- tests.HomePageTests -->
    </test> <!-- Default test -->
  </suite> <!-- Default suite -->
</testng-results>
